\BOOKMARK [-1][-]{part.1}{I\040Manual}{}% 1
\BOOKMARK [0][-]{chapter.1}{Introduction\040to\040programming}{part.1}% 2
\BOOKMARK [0][-]{chapter.2}{Getting\040started}{part.1}% 3
\BOOKMARK [1][-]{section.2.1}{What\040is\040Python?}{chapter.2}% 4
\BOOKMARK [1][-]{section.2.2}{How\040do\040I\040start?}{chapter.2}% 5
\BOOKMARK [1][-]{section.2.3}{Installing\040Anaconda}{chapter.2}% 6
\BOOKMARK [1][-]{section.2.4}{Using\040the\040command\040line}{chapter.2}% 7
\BOOKMARK [1][-]{section.2.5}{The\040Python\040interpreter}{chapter.2}% 8
\BOOKMARK [1][-]{section.2.6}{Arithmetic\040operators}{chapter.2}% 9
\BOOKMARK [2][-]{subsection.2.6.1}{Modulo\040operator}{section.2.6}% 10
\BOOKMARK [1][-]{section.2.7}{Variables}{chapter.2}% 11
\BOOKMARK [2][-]{subsection.2.7.1}{Assigning\040values\040to\040multiple\040variables}{section.2.7}% 12
\BOOKMARK [1][-]{section.2.8}{Data\040types}{chapter.2}% 13
\BOOKMARK [1][-]{section.2.9}{Type\040casting}{chapter.2}% 14
\BOOKMARK [1][-]{section.2.10}{Comparison\040operators}{chapter.2}% 15
\BOOKMARK [1][-]{section.2.11}{Assignment\040operators}{chapter.2}% 16
\BOOKMARK [1][-]{section.2.12}{Complex\040numbers}{chapter.2}% 17
\BOOKMARK [1][-]{section.2.13}{Scripts}{chapter.2}% 18
\BOOKMARK [1][-]{section.2.14}{Visual\040Studio\040Code}{chapter.2}% 19
\BOOKMARK [1][-]{section.2.15}{Writing\040scripts\040in\040VS\040Code}{chapter.2}% 20
\BOOKMARK [1][-]{section.2.16}{Running\040scripts\040in\040VS\040Code}{chapter.2}% 21
\BOOKMARK [1][-]{section.2.17}{Interactive\040scripts}{chapter.2}% 22
\BOOKMARK [0][-]{chapter.3}{Containers}{part.1}% 23
\BOOKMARK [1][-]{section.3.1}{Tuples,\040lists,\040sets,\040and\040dictionaries}{chapter.3}% 24
\BOOKMARK [1][-]{section.3.2}{Tuple}{chapter.3}% 25
\BOOKMARK [1][-]{section.3.3}{List}{chapter.3}% 26
\BOOKMARK [1][-]{section.3.4}{Set}{chapter.3}% 27
\BOOKMARK [1][-]{section.3.5}{Dictionary}{chapter.3}% 28
\BOOKMARK [1][-]{section.3.6}{Converting\040between\040collections}{chapter.3}% 29
\BOOKMARK [1][-]{section.3.7}{The\040in\040operator}{chapter.3}% 30
\BOOKMARK [1][-]{section.3.8}{Containers:\040summary}{chapter.3}% 31
\BOOKMARK [1][-]{section.3.9}{String\040formatting}{chapter.3}% 32
\BOOKMARK [0][-]{chapter.4}{Control\040structures}{part.1}% 33
\BOOKMARK [1][-]{section.4.1}{Conditional\040statements\040with\040if}{chapter.4}% 34
\BOOKMARK [1][-]{section.4.2}{Blocks}{chapter.4}% 35
\BOOKMARK [1][-]{section.4.3}{else\040and\040elif}{chapter.4}% 36
